# JRE version: OpenJDK Runtime Environment (8.0_202-b03) (build 1.8.0_202-release-1483-b03)
# Java VM: OpenJDK 64-Bit Server VM (25.202-b03 mixed mode windows-amd64 compressed oops)
Heap:
 PSYoungGen      total 253952K, used 85479K [0x00000000e0000000, 0x00000000f2f80000, 0x0000000100000000)
  eden space 229888K, 30% used [0x00000000e0000000,0x00000000e4482ad8,0x00000000ee080000)
  from space 24064K, 63% used [0x00000000ee080000,0x00000000eef77148,0x00000000ef800000)
  to   space 24576K, 0% used [0x00000000f1780000,0x00000000f1780000,0x00000000f2f80000)
 ParOldGen       total 125440K, used 57184K [0x00000000a0000000, 0x00000000a7a80000, 0x00000000e0000000)
  object space 125440K, 45% used [0x00000000a0000000,0x00000000a37d8048,0x00000000a7a80000)
 Metaspace       used 73561K, capacity 76554K, committed 76760K, reserved 1116160K
  class space    used 9822K, capacity 10432K, committed 10496K, reserved 1048576K
GC Heap History (10 events):
Event: 63.381 GC heap before
{Heap before GC invocations=25 (full 4):
 PSYoungGen      total 201216K, used 174592K [0x00000000e0000000, 0x00000000ee600000, 0x0000000100000000)
  eden space 174592K, 100% used [0x00000000e0000000,0x00000000eaa80000,0x00000000eaa80000)
  from space 26624K, 0% used [0x00000000ec380000,0x00000000ec380000,0x00000000edd80000)
  to   space 25600K, 0% used [0x00000000eaa80000,0x00000000eaa80000,0x00000000ec380000)
 ParOldGen       total 125440K, used 53704K [0x00000000a0000000, 0x00000000a7a80000, 0x00000000e0000000)
  object space 125440K, 42% used [0x00000000a0000000,0x00000000a3472008,0x00000000a7a80000)
 Metaspace       used 71152K, capacity 73674K, committed 74200K, reserved 1114112K
  class space    used 9555K, capacity 10106K, committed 10240K, reserved 1048576K
Event: 63.518 GC heap after
Heap after GC invocations=25 (full 4):
 PSYoungGen      total 200192K, used 4208K [0x00000000e0000000, 0x00000000ef280000, 0x0000000100000000)
  eden space 174592K, 0% used [0x00000000e0000000,0x00000000e0000000,0x00000000eaa80000)
  from space 25600K, 16% used [0x00000000eaa80000,0x00000000eae9c030,0x00000000ec380000)
  to   space 25088K, 0% used [0x00000000eda00000,0x00000000eda00000,0x00000000ef280000)
 ParOldGen       total 125440K, used 53712K [0x00000000a0000000, 0x00000000a7a80000, 0x00000000e0000000)
  object space 125440K, 42% used [0x00000000a0000000,0x00000000a3474008,0x00000000a7a80000)
 Metaspace       used 71152K, capacity 73674K, committed 74200K, reserved 1114112K
  class space    used 9555K, capacity 10106K, committed 10240K, reserved 1048576K
}
Event: 65.588 GC heap before
{Heap before GC invocations=26 (full 4):
 PSYoungGen      total 200192K, used 178800K [0x00000000e0000000, 0x00000000ef280000, 0x0000000100000000)
  eden space 174592K, 100% used [0x00000000e0000000,0x00000000eaa80000,0x00000000eaa80000)
  from space 25600K, 16% used [0x00000000eaa80000,0x00000000eae9c030,0x00000000ec380000)
  to   space 25088K, 0% used [0x00000000eda00000,0x00000000eda00000,0x00000000ef280000)
 ParOldGen       total 125440K, used 53712K [0x00000000a0000000, 0x00000000a7a80000, 0x00000000e0000000)
  object space 125440K, 42% used [0x00000000a0000000,0x00000000a3474008,0x00000000a7a80000)
 Metaspace       used 71347K, capacity 73912K, committed 74456K, reserved 1114112K
  class space    used 9584K, capacity 10141K, committed 10240K, reserved 1048576K
Event: 65.676 GC heap after
Heap after GC invocations=26 (full 4):
 PSYoungGen      total 221184K, used 7301K [0x00000000e0000000, 0x00000000ef000000, 0x0000000100000000)
  eden space 198656K, 0% used [0x00000000e0000000,0x00000000e0000000,0x00000000ec200000)
  from space 22528K, 32% used [0x00000000eda00000,0x00000000ee1216f8,0x00000000ef000000)
  to   space 23552K, 0% used [0x00000000ec200000,0x00000000ec200000,0x00000000ed900000)
 ParOldGen       total 125440K, used 53712K [0x00000000a0000000, 0x00000000a7a80000, 0x00000000e0000000)
  object space 125440K, 42% used [0x00000000a0000000,0x00000000a3474008,0x00000000a7a80000)
 Metaspace       used 71347K, capacity 73912K, committed 74456K, reserved 1114112K
  class space    used 9584K, capacity 10141K, committed 10240K, reserved 1048576K
}
Event: 70.071 GC heap before
{Heap before GC invocations=27 (full 4):
 PSYoungGen      total 221184K, used 205957K [0x00000000e0000000, 0x00000000ef000000, 0x0000000100000000)
  eden space 198656K, 100% used [0x00000000e0000000,0x00000000ec200000,0x00000000ec200000)
  from space 22528K, 32% used [0x00000000eda00000,0x00000000ee1216f8,0x00000000ef000000)
  to   space 23552K, 0% used [0x00000000ec200000,0x00000000ec200000,0x00000000ed900000)
 ParOldGen       total 125440K, used 53712K [0x00000000a0000000, 0x00000000a7a80000, 0x00000000e0000000)
  object space 125440K, 42% used [0x00000000a0000000,0x00000000a3474008,0x00000000a7a80000)
 Metaspace       used 72310K, capacity 75090K, committed 75352K, reserved 1114112K
  class space    used 9709K, capacity 10276K, committed 10368K, reserved 1048576K
Event: 70.462 GC heap after
Heap after GC invocations=27 (full 4):
 PSYoungGen      total 222208K, used 11605K [0x00000000e0000000, 0x00000000f0e80000, 0x0000000100000000)
  eden space 198656K, 0% used [0x00000000e0000000,0x00000000e0000000,0x00000000ec200000)
  from space 23552K, 49% used [0x00000000ec200000,0x00000000ecd55708,0x00000000ed900000)
  to   space 23040K, 0% used [0x00000000ef800000,0x00000000ef800000,0x00000000f0e80000)
 ParOldGen       total 125440K, used 53720K [0x00000000a0000000, 0x00000000a7a80000, 0x00000000e0000000)
  object space 125440K, 42% used [0x00000000a0000000,0x00000000a3476008,0x00000000a7a80000)
 Metaspace       used 72310K, capacity 75090K, committed 75352K, reserved 1114112K
  class space    used 9709K, capacity 10276K, committed 10368K, reserved 1048576K
}
Event: 75.640 GC heap before
{Heap before GC invocations=28 (full 4):
 PSYoungGen      total 222208K, used 210261K [0x00000000e0000000, 0x00000000f0e80000, 0x0000000100000000)
  eden space 198656K, 100% used [0x00000000e0000000,0x00000000ec200000,0x00000000ec200000)
  from space 23552K, 49% used [0x00000000ec200000,0x00000000ecd55708,0x00000000ed900000)
  to   space 23040K, 0% used [0x00000000ef800000,0x00000000ef800000,0x00000000f0e80000)
 ParOldGen       total 125440K, used 53720K [0x00000000a0000000, 0x00000000a7a80000, 0x00000000e0000000)
  object space 125440K, 42% used [0x00000000a0000000,0x00000000a3476008,0x00000000a7a80000)
 Metaspace       used 72434K, capacity 75230K, committed 75352K, reserved 1114112K
  class space    used 9723K, capacity 10314K, committed 10368K, reserved 1048576K
Event: 76.679 GC heap after
Heap after GC invocations=28 (full 4):
 PSYoungGen      total 252928K, used 15234K [0x00000000e0000000, 0x00000000f1980000, 0x0000000100000000)
  eden space 229888K, 0% used [0x00000000e0000000,0x00000000e0000000,0x00000000ee080000)
  from space 23040K, 66% used [0x00000000ef800000,0x00000000f06e0918,0x00000000f0e80000)
  to   space 24064K, 0% used [0x00000000ee080000,0x00000000ee080000,0x00000000ef800000)
 ParOldGen       total 125440K, used 53728K [0x00000000a0000000, 0x00000000a7a80000, 0x00000000e0000000)
  object space 125440K, 42% used [0x00000000a0000000,0x00000000a3478008,0x00000000a7a80000)
 Metaspace       used 72434K, capacity 75230K, committed 75352K, reserved 1114112K
  class space    used 9723K, capacity 10314K, committed 10368K, reserved 1048576K
}
Event: 87.437 GC heap before
{Heap before GC invocations=29 (full 4):
 PSYoungGen      total 252928K, used 245002K [0x00000000e0000000, 0x00000000f1980000, 0x0000000100000000)
  eden space 229888K, 99% used [0x00000000e0000000,0x00000000ee061f50,0x00000000ee080000)
  from space 23040K, 66% used [0x00000000ef800000,0x00000000f06e0918,0x00000000f0e80000)
  to   space 24064K, 0% used [0x00000000ee080000,0x00000000ee080000,0x00000000ef800000)
 ParOldGen       total 125440K, used 53728K [0x00000000a0000000, 0x00000000a7a80000, 0x00000000e0000000)
  object space 125440K, 42% used [0x00000000a0000000,0x00000000a3478008,0x00000000a7a80000)
 Metaspace       used 73001K, capacity 75868K, committed 75992K, reserved 1114112K
  class space    used 9768K, capacity 10375K, committed 10496K, reserved 1048576K
Event: 87.562 GC heap after
Heap after GC invocations=29 (full 4):
 PSYoungGen      total 253952K, used 15324K [0x00000000e0000000, 0x00000000f2f80000, 0x0000000100000000)
  eden space 229888K, 0% used [0x00000000e0000000,0x00000000e0000000,0x00000000ee080000)
  from space 24064K, 63% used [0x00000000ee080000,0x00000000eef77148,0x00000000ef800000)
  to   space 24576K, 0% used [0x00000000f1780000,0x00000000f1780000,0x00000000f2f80000)
 ParOldGen       total 125440K, used 57184K [0x00000000a0000000, 0x00000000a7a80000, 0x00000000e0000000)
  object space 125440K, 45% used [0x00000000a0000000,0x00000000a37d8048,0x00000000a7a80000)
 Metaspace       used 73001K, capacity 75868K, committed 75992K, reserved 1114112K
  class space    used 9768K, capacity 10375K, committed 10496K, reserved 1048576K
}

