# JRE version: OpenJDK Runtime Environment (8.0_202-b03) (build 1.8.0_202-release-1483-b03)
# Java VM: OpenJDK 64-Bit Server VM (25.202-b03 mixed mode windows-amd64 compressed oops)
Heap:
 PSYoungGen      total 218112K, used 116255K [0x00000000e0000000, 0x00000000f0500000, 0x0000000100000000)
  eden space 182272K, 45% used [0x00000000e0000000,0x00000000e51dacd8,0x00000000eb200000)
  from space 35840K, 90% used [0x00000000ed900000,0x00000000ef8ad268,0x00000000efc00000)
  to   space 39936K, 0% used [0x00000000eb200000,0x00000000eb200000,0x00000000ed900000)
 ParOldGen       total 100864K, used 47578K [0x00000000a0000000, 0x00000000a6280000, 0x00000000e0000000)
  object space 100864K, 47% used [0x00000000a0000000,0x00000000a2e768b0,0x00000000a6280000)
 Metaspace       used 99905K, capacity 107006K, committed 107224K, reserved 1142784K
  class space    used 12514K, capacity 13712K, committed 13824K, reserved 1048576K
GC Heap History (10 events):
Event: 16180.424 GC heap before
{Heap before GC invocations=78 (full 4):
 PSYoungGen      total 150528K, used 149406K [0x00000000e0000000, 0x00000000eb780000, 0x0000000100000000)
  eden space 131584K, 100% used [0x00000000e0000000,0x00000000e8080000,0x00000000e8080000)
  from space 18944K, 94% used [0x00000000e8080000,0x00000000e91e7af0,0x00000000e9300000)
  to   space 20992K, 0% used [0x00000000ea300000,0x00000000ea300000,0x00000000eb780000)
 ParOldGen       total 100864K, used 44308K [0x00000000a0000000, 0x00000000a6280000, 0x00000000e0000000)
  object space 100864K, 43% used [0x00000000a0000000,0x00000000a2b453f0,0x00000000a6280000)
 Metaspace       used 98236K, capacity 105140K, committed 105176K, reserved 1140736K
  class space    used 12382K, capacity 13559K, committed 13568K, reserved 1048576K
Event: 16182.137 GC heap after
Heap after GC invocations=78 (full 4):
 PSYoungGen      total 164864K, used 17496K [0x00000000e0000000, 0x00000000ebb00000, 0x0000000100000000)
  eden space 143872K, 0% used [0x00000000e0000000,0x00000000e0000000,0x00000000e8c80000)
  from space 20992K, 83% used [0x00000000ea300000,0x00000000eb416120,0x00000000eb780000)
  to   space 23040K, 0% used [0x00000000e8c80000,0x00000000e8c80000,0x00000000ea300000)
 ParOldGen       total 100864K, used 44308K [0x00000000a0000000, 0x00000000a6280000, 0x00000000e0000000)
  object space 100864K, 43% used [0x00000000a0000000,0x00000000a2b453f0,0x00000000a6280000)
 Metaspace       used 98236K, capacity 105140K, committed 105176K, reserved 1140736K
  class space    used 12382K, capacity 13559K, committed 13568K, reserved 1048576K
}
Event: 16192.873 GC heap before
{Heap before GC invocations=79 (full 4):
 PSYoungGen      total 164864K, used 161368K [0x00000000e0000000, 0x00000000ebb00000, 0x0000000100000000)
  eden space 143872K, 100% used [0x00000000e0000000,0x00000000e8c80000,0x00000000e8c80000)
  from space 20992K, 83% used [0x00000000ea300000,0x00000000eb416120,0x00000000eb780000)
  to   space 23040K, 0% used [0x00000000e8c80000,0x00000000e8c80000,0x00000000ea300000)
 ParOldGen       total 100864K, used 44308K [0x00000000a0000000, 0x00000000a6280000, 0x00000000e0000000)
  object space 100864K, 43% used [0x00000000a0000000,0x00000000a2b453f0,0x00000000a6280000)
 Metaspace       used 98991K, capacity 105912K, committed 106072K, reserved 1142784K
  class space    used 12453K, capacity 13635K, committed 13696K, reserved 1048576K
Event: 16193.489 GC heap after
Heap after GC invocations=79 (full 4):
 PSYoungGen      total 166912K, used 23036K [0x00000000e0000000, 0x00000000ed300000, 0x0000000100000000)
  eden space 143872K, 0% used [0x00000000e0000000,0x00000000e0000000,0x00000000e8c80000)
  from space 23040K, 99% used [0x00000000e8c80000,0x00000000ea2ff1d0,0x00000000ea300000)
  to   space 26624K, 0% used [0x00000000eb900000,0x00000000eb900000,0x00000000ed300000)
 ParOldGen       total 100864K, used 45835K [0x00000000a0000000, 0x00000000a6280000, 0x00000000e0000000)
  object space 100864K, 45% used [0x00000000a0000000,0x00000000a2cc2d10,0x00000000a6280000)
 Metaspace       used 98991K, capacity 105912K, committed 106072K, reserved 1142784K
  class space    used 12453K, capacity 13635K, committed 13696K, reserved 1048576K
}
Event: 16198.113 GC heap before
{Heap before GC invocations=80 (full 4):
 PSYoungGen      total 166912K, used 166908K [0x00000000e0000000, 0x00000000ed300000, 0x0000000100000000)
  eden space 143872K, 100% used [0x00000000e0000000,0x00000000e8c80000,0x00000000e8c80000)
  from space 23040K, 99% used [0x00000000e8c80000,0x00000000ea2ff1d0,0x00000000ea300000)
  to   space 26624K, 0% used [0x00000000eb900000,0x00000000eb900000,0x00000000ed300000)
 ParOldGen       total 100864K, used 45835K [0x00000000a0000000, 0x00000000a6280000, 0x00000000e0000000)
  object space 100864K, 45% used [0x00000000a0000000,0x00000000a2cc2d10,0x00000000a6280000)
 Metaspace       used 99529K, capacity 106484K, committed 106584K, reserved 1142784K
  class space    used 12483K, capacity 13683K, committed 13696K, reserved 1048576K
Event: 16198.738 GC heap after
Heap after GC invocations=80 (full 4):
 PSYoungGen      total 185344K, used 26594K [0x00000000e0000000, 0x00000000edf00000, 0x0000000100000000)
  eden space 158720K, 0% used [0x00000000e0000000,0x00000000e0000000,0x00000000e9b00000)
  from space 26624K, 99% used [0x00000000eb900000,0x00000000ed2f8b70,0x00000000ed300000)
  to   space 30720K, 0% used [0x00000000e9b00000,0x00000000e9b00000,0x00000000eb900000)
 ParOldGen       total 100864K, used 46874K [0x00000000a0000000, 0x00000000a6280000, 0x00000000e0000000)
  object space 100864K, 46% used [0x00000000a0000000,0x00000000a2dc6a80,0x00000000a6280000)
 Metaspace       used 99529K, capacity 106484K, committed 106584K, reserved 1142784K
  class space    used 12483K, capacity 13683K, committed 13696K, reserved 1048576K
}
Event: 16207.878 GC heap before
{Heap before GC invocations=81 (full 4):
 PSYoungGen      total 185344K, used 185314K [0x00000000e0000000, 0x00000000edf00000, 0x0000000100000000)
  eden space 158720K, 100% used [0x00000000e0000000,0x00000000e9b00000,0x00000000e9b00000)
  from space 26624K, 99% used [0x00000000eb900000,0x00000000ed2f8b70,0x00000000ed300000)
  to   space 30720K, 0% used [0x00000000e9b00000,0x00000000e9b00000,0x00000000eb900000)
 ParOldGen       total 100864K, used 46874K [0x00000000a0000000, 0x00000000a6280000, 0x00000000e0000000)
  object space 100864K, 46% used [0x00000000a0000000,0x00000000a2dc6a80,0x00000000a6280000)
 Metaspace       used 99780K, capacity 106804K, committed 106968K, reserved 1142784K
  class space    used 12507K, capacity 13701K, committed 13824K, reserved 1048576K
Event: 16210.165 GC heap after
Heap after GC invocations=81 (full 4):
 PSYoungGen      total 189440K, used 30697K [0x00000000e0000000, 0x00000000efc00000, 0x0000000100000000)
  eden space 158720K, 0% used [0x00000000e0000000,0x00000000e0000000,0x00000000e9b00000)
  from space 30720K, 99% used [0x00000000e9b00000,0x00000000eb8fa4e0,0x00000000eb900000)
  to   space 35840K, 0% used [0x00000000ed900000,0x00000000ed900000,0x00000000efc00000)
 ParOldGen       total 100864K, used 47578K [0x00000000a0000000, 0x00000000a6280000, 0x00000000e0000000)
  object space 100864K, 47% used [0x00000000a0000000,0x00000000a2e768b0,0x00000000a6280000)
 Metaspace       used 99780K, capacity 106804K, committed 106968K, reserved 1142784K
  class space    used 12507K, capacity 13701K, committed 13824K, reserved 1048576K
}
Event: 16220.442 GC heap before
{Heap before GC invocations=82 (full 4):
 PSYoungGen      total 189440K, used 189417K [0x00000000e0000000, 0x00000000efc00000, 0x0000000100000000)
  eden space 158720K, 100% used [0x00000000e0000000,0x00000000e9b00000,0x00000000e9b00000)
  from space 30720K, 99% used [0x00000000e9b00000,0x00000000eb8fa4e0,0x00000000eb900000)
  to   space 35840K, 0% used [0x00000000ed900000,0x00000000ed900000,0x00000000efc00000)
 ParOldGen       total 100864K, used 47578K [0x00000000a0000000, 0x00000000a6280000, 0x00000000e0000000)
  object space 100864K, 47% used [0x00000000a0000000,0x00000000a2e768b0,0x00000000a6280000)
 Metaspace       used 99879K, capacity 106996K, committed 107224K, reserved 1142784K
  class space    used 12513K, capacity 13711K, committed 13824K, reserved 1048576K
Event: 16222.691 GC heap after
Heap after GC invocations=82 (full 4):
 PSYoungGen      total 218112K, used 32436K [0x00000000e0000000, 0x00000000f0500000, 0x0000000100000000)
  eden space 182272K, 0% used [0x00000000e0000000,0x00000000e0000000,0x00000000eb200000)
  from space 35840K, 90% used [0x00000000ed900000,0x00000000ef8ad268,0x00000000efc00000)
  to   space 39936K, 0% used [0x00000000eb200000,0x00000000eb200000,0x00000000ed900000)
 ParOldGen       total 100864K, used 47578K [0x00000000a0000000, 0x00000000a6280000, 0x00000000e0000000)
  object space 100864K, 47% used [0x00000000a0000000,0x00000000a2e768b0,0x00000000a6280000)
 Metaspace       used 99879K, capacity 106996K, committed 107224K, reserved 1142784K
  class space    used 12513K, capacity 13711K, committed 13824K, reserved 1048576K
}

